
 2018-08-06 11:45:38.133698
+++++++++++++++++++++++++++++++++++++++++++++++++++++++++++++++++++++++++++++++++++++++++++
正在更新，请稍侯......
共 573 页
更新完成，本次新增0条数据。
正在获取下载链接，请稍侯......
-----------------------获取失败 http://m.ashvsash.com/2016/01/2795/? list index out of range 
获取完成，本次获取1条数据。
+++++++++++++++++++++++++++++++++++++++++++++++++++++++++++++++++++++++++++++++++++++++++++


 2018-08-07 01:01:03.613172
+++++++++++++++++++++++++++++++++++++++++++++++++++++++++++++++++++++++++++++++++++++++++++
正在更新，请稍侯......
共 573 页

 2018-08-07 01:00:01.815814
+++++++++++++++++++++++++++++++++++++++++++++++++++++++++++++++++++++++++++++++++++++++++++
正在更新，请稍侯......
共 573 页
更新完成，本次新增2条数据。
正在获取下载链接，请稍侯......
特技人 (2018)  http://m.ashvsash.com/2018/08/16889/? https://pan.baidu.com/s/13FKBXIpw21ZNFVwUFEHKHA 密码: 84n6
获取成功 特技人 (2018) http://m.ashvsash.com/2018/08/16889/?
边山 변산 (2018)  http://m.ashvsash.com/2018/08/16890/? https://pan.baidu.com/s/13Juj5LA1izD4ZaqudvE1FA 密码: ggff
获取成功 边山 변산 (2018) http://m.ashvsash.com/2018/08/16890/?
-----------------------获取失败 http://m.ashvsash.com/2016/01/2795/? list index out of range 
获取完成，本次获取3条数据。
+++++++++++++++++++++++++++++++++++++++++++++++++++++++++++++++++++++++++++++++++++++++++++


 2018-08-07 01:02:01.866859
+++++++++++++++++++++++++++++++++++++++++++++++++++++++++++++++++++++++++++++++++++++++++++
正在更新，请稍侯......
共 573 页
更新完成，本次新增0条数据。
正在获取下载链接，请稍侯......
-----------------------获取失败 http://m.ashvsash.com/2016/01/2795/? list index out of range 
获取完成，本次获取1条数据。
+++++++++++++++++++++++++++++++++++++++++++++++++++++++++++++++++++++++++++++++++++++++++++


 2018-08-07 01:03:02.373520
+++++++++++++++++++++++++++++++++++++++++++++++++++++++++++++++++++++++++++++++++++++++++++
正在更新，请稍侯......
共 573 页
更新完成，本次新增0条数据。
正在获取下载链接，请稍侯......
-----------------------获取失败 http://m.ashvsash.com/2016/01/2795/? list index out of range 
获取完成，本次获取1条数据。
+++++++++++++++++++++++++++++++++++++++++++++++++++++++++++++++++++++++++++++++++++++++++++


 2018-08-07 01:04:01.722363
+++++++++++++++++++++++++++++++++++++++++++++++++++++++++++++++++++++++++++++++++++++++++++
正在更新，请稍侯......
共 573 页
更新完成，本次新增0条数据。
正在获取下载链接，请稍侯......
-----------------------获取失败 http://m.ashvsash.com/2016/01/2795/? list index out of range 
获取完成，本次获取1条数据。
+++++++++++++++++++++++++++++++++++++++++++++++++++++++++++++++++++++++++++++++++++++++++++


 2018-08-07 01:05:02.445767
+++++++++++++++++++++++++++++++++++++++++++++++++++++++++++++++++++++++++++++++++++++++++++
正在更新，请稍侯......
共 573 页
更新完成，本次新增0条数据。
正在获取下载链接，请稍侯......
-----------------------获取失败 http://m.ashvsash.com/2016/01/2795/? list index out of range 
获取完成，本次获取1条数据。
+++++++++++++++++++++++++++++++++++++++++++++++++++++++++++++++++++++++++++++++++++++++++++


 2018-08-07 01:06:02.069195
+++++++++++++++++++++++++++++++++++++++++++++++++++++++++++++++++++++++++++++++++++++++++++
正在更新，请稍侯......
共 573 页
更新完成，本次新增0条数据。
正在获取下载链接，请稍侯......
-----------------------获取失败 http://m.ashvsash.com/2016/01/2795/? list index out of range 
获取完成，本次获取1条数据。
+++++++++++++++++++++++++++++++++++++++++++++++++++++++++++++++++++++++++++++++++++++++++++


 2018-08-07 01:07:01.649214
+++++++++++++++++++++++++++++++++++++++++++++++++++++++++++++++++++++++++++++++++++++++++++
正在更新，请稍侯......
共 573 页
更新完成，本次新增0条数据。
正在获取下载链接，请稍侯......
-----------------------获取失败 http://m.ashvsash.com/2016/01/2795/? list index out of range 
获取完成，本次获取1条数据。
+++++++++++++++++++++++++++++++++++++++++++++++++++++++++++++++++++++++++++++++++++++++++++


 2018-08-07 01:08:01.844031
+++++++++++++++++++++++++++++++++++++++++++++++++++++++++++++++++++++++++++++++++++++++++++
正在更新，请稍侯......
共 573 页
更新完成，本次新增0条数据。
正在获取下载链接，请稍侯......
-----------------------获取失败 http://m.ashvsash.com/2016/01/2795/? list index out of range 
获取完成，本次获取1条数据。
+++++++++++++++++++++++++++++++++++++++++++++++++++++++++++++++++++++++++++++++++++++++++++


 2018-08-07 01:09:02.259524
+++++++++++++++++++++++++++++++++++++++++++++++++++++++++++++++++++++++++++++++++++++++++++
正在更新，请稍侯......
共 573 页
更新完成，本次新增0条数据。
正在获取下载链接，请稍侯......
-----------------------获取失败 http://m.ashvsash.com/2016/01/2795/? list index out of range 
获取完成，本次获取1条数据。
+++++++++++++++++++++++++++++++++++++++++++++++++++++++++++++++++++++++++++++++++++++++++++


 2018-08-07 01:10:02.574857
+++++++++++++++++++++++++++++++++++++++++++++++++++++++++++++++++++++++++++++++++++++++++++
正在更新，请稍侯......
共 573 页
更新完成，本次新增0条数据。
正在获取下载链接，请稍侯......
-----------------------获取失败 http://m.ashvsash.com/2016/01/2795/? list index out of range 
获取完成，本次获取1条数据。
+++++++++++++++++++++++++++++++++++++++++++++++++++++++++++++++++++++++++++++++++++++++++++


 2018-08-07 01:11:02.191387
+++++++++++++++++++++++++++++++++++++++++++++++++++++++++++++++++++++++++++++++++++++++++++
正在更新，请稍侯......
共 573 页
更新完成，本次新增0条数据。
正在获取下载链接，请稍侯......
-----------------------获取失败 http://m.ashvsash.com/2016/01/2795/? list index out of range 
获取完成，本次获取1条数据。
+++++++++++++++++++++++++++++++++++++++++++++++++++++++++++++++++++++++++++++++++++++++++++


 2018-08-07 01:12:02.531603
+++++++++++++++++++++++++++++++++++++++++++++++++++++++++++++++++++++++++++++++++++++++++++
正在更新，请稍侯......
共 573 页
更新完成，本次新增0条数据。
正在获取下载链接，请稍侯......
-----------------------获取失败 http://m.ashvsash.com/2016/01/2795/? list index out of range 
获取完成，本次获取1条数据。
+++++++++++++++++++++++++++++++++++++++++++++++++++++++++++++++++++++++++++++++++++++++++++


 2018-08-07 01:13:02.334244
+++++++++++++++++++++++++++++++++++++++++++++++++++++++++++++++++++++++++++++++++++++++++++
正在更新，请稍侯......
共 573 页
更新完成，本次新增0条数据。
正在获取下载链接，请稍侯......
-----------------------获取失败 http://m.ashvsash.com/2016/01/2795/? list index out of range 
获取完成，本次获取1条数据。
+++++++++++++++++++++++++++++++++++++++++++++++++++++++++++++++++++++++++++++++++++++++++++


 2018-08-07 01:14:02.568633
+++++++++++++++++++++++++++++++++++++++++++++++++++++++++++++++++++++++++++++++++++++++++++
正在更新，请稍侯......
共 573 页
更新完成，本次新增0条数据。
正在获取下载链接，请稍侯......
-----------------------获取失败 http://m.ashvsash.com/2016/01/2795/? list index out of range 
获取完成，本次获取1条数据。
+++++++++++++++++++++++++++++++++++++++++++++++++++++++++++++++++++++++++++++++++++++++++++


 2018-08-07 01:15:02.044108
+++++++++++++++++++++++++++++++++++++++++++++++++++++++++++++++++++++++++++++++++++++++++++
正在更新，请稍侯......
共 573 页
更新完成，本次新增0条数据。
正在获取下载链接，请稍侯......
-----------------------获取失败 http://m.ashvsash.com/2016/01/2795/? list index out of range 
获取完成，本次获取1条数据。
+++++++++++++++++++++++++++++++++++++++++++++++++++++++++++++++++++++++++++++++++++++++++++


 2018-08-07 01:16:01.595686
+++++++++++++++++++++++++++++++++++++++++++++++++++++++++++++++++++++++++++++++++++++++++++
正在更新，请稍侯......
共 573 页
更新完成，本次新增0条数据。
正在获取下载链接，请稍侯......
-----------------------获取失败 http://m.ashvsash.com/2016/01/2795/? list index out of range 
获取完成，本次获取1条数据。
+++++++++++++++++++++++++++++++++++++++++++++++++++++++++++++++++++++++++++++++++++++++++++


 2018-08-07 01:17:02.158796
+++++++++++++++++++++++++++++++++++++++++++++++++++++++++++++++++++++++++++++++++++++++++++
正在更新，请稍侯......
共 573 页
更新完成，本次新增0条数据。
正在获取下载链接，请稍侯......
-----------------------获取失败 http://m.ashvsash.com/2016/01/2795/? list index out of range 
获取完成，本次获取1条数据。
+++++++++++++++++++++++++++++++++++++++++++++++++++++++++++++++++++++++++++++++++++++++++++


 2018-08-07 01:18:02.390644
+++++++++++++++++++++++++++++++++++++++++++++++++++++++++++++++++++++++++++++++++++++++++++
正在更新，请稍侯......
共 573 页
更新完成，本次新增0条数据。
正在获取下载链接，请稍侯......
-----------------------获取失败 http://m.ashvsash.com/2016/01/2795/? list index out of range 
获取完成，本次获取1条数据。
+++++++++++++++++++++++++++++++++++++++++++++++++++++++++++++++++++++++++++++++++++++++++++


 2018-08-07 01:19:01.999370
+++++++++++++++++++++++++++++++++++++++++++++++++++++++++++++++++++++++++++++++++++++++++++
正在更新，请稍侯......
共 573 页
更新完成，本次新增0条数据。
正在获取下载链接，请稍侯......
-----------------------获取失败 http://m.ashvsash.com/2016/01/2795/? list index out of range 
获取完成，本次获取1条数据。
+++++++++++++++++++++++++++++++++++++++++++++++++++++++++++++++++++++++++++++++++++++++++++


 2018-08-07 01:20:01.689876
+++++++++++++++++++++++++++++++++++++++++++++++++++++++++++++++++++++++++++++++++++++++++++
正在更新，请稍侯......
共 573 页
更新完成，本次新增0条数据。
正在获取下载链接，请稍侯......
-----------------------获取失败 http://m.ashvsash.com/2016/01/2795/? list index out of range 
获取完成，本次获取1条数据。
+++++++++++++++++++++++++++++++++++++++++++++++++++++++++++++++++++++++++++++++++++++++++++


 2018-08-07 01:21:02.500861
+++++++++++++++++++++++++++++++++++++++++++++++++++++++++++++++++++++++++++++++++++++++++++
正在更新，请稍侯......
共 573 页
更新完成，本次新增0条数据。
正在获取下载链接，请稍侯......
-----------------------获取失败 http://m.ashvsash.com/2016/01/2795/? list index out of range 
获取完成，本次获取1条数据。
+++++++++++++++++++++++++++++++++++++++++++++++++++++++++++++++++++++++++++++++++++++++++++


 2018-08-07 01:22:01.885072
+++++++++++++++++++++++++++++++++++++++++++++++++++++++++++++++++++++++++++++++++++++++++++
正在更新，请稍侯......
共 573 页
更新完成，本次新增0条数据。
正在获取下载链接，请稍侯......
-----------------------获取失败 http://m.ashvsash.com/2016/01/2795/? list index out of range 
获取完成，本次获取1条数据。
+++++++++++++++++++++++++++++++++++++++++++++++++++++++++++++++++++++++++++++++++++++++++++


 2018-08-07 01:23:02.580512
+++++++++++++++++++++++++++++++++++++++++++++++++++++++++++++++++++++++++++++++++++++++++++
正在更新，请稍侯......
共 573 页
更新完成，本次新增0条数据。
正在获取下载链接，请稍侯......
-----------------------获取失败 http://m.ashvsash.com/2016/01/2795/? list index out of range 
获取完成，本次获取1条数据。
+++++++++++++++++++++++++++++++++++++++++++++++++++++++++++++++++++++++++++++++++++++++++++


 2018-08-07 01:24:02.010780
+++++++++++++++++++++++++++++++++++++++++++++++++++++++++++++++++++++++++++++++++++++++++++
正在更新，请稍侯......
共 573 页
更新完成，本次新增0条数据。
正在获取下载链接，请稍侯......
-----------------------获取失败 http://m.ashvsash.com/2016/01/2795/? list index out of range 
获取完成，本次获取1条数据。
+++++++++++++++++++++++++++++++++++++++++++++++++++++++++++++++++++++++++++++++++++++++++++


 2018-08-07 01:25:02.198840
+++++++++++++++++++++++++++++++++++++++++++++++++++++++++++++++++++++++++++++++++++++++++++
正在更新，请稍侯......
共 573 页
更新完成，本次新增0条数据。
正在获取下载链接，请稍侯......
-----------------------获取失败 http://m.ashvsash.com/2016/01/2795/? list index out of range 
获取完成，本次获取1条数据。
+++++++++++++++++++++++++++++++++++++++++++++++++++++++++++++++++++++++++++++++++++++++++++


 2018-08-07 01:26:01.624486
+++++++++++++++++++++++++++++++++++++++++++++++++++++++++++++++++++++++++++++++++++++++++++
正在更新，请稍侯......
共 573 页
更新完成，本次新增0条数据。
正在获取下载链接，请稍侯......
-----------------------获取失败 http://m.ashvsash.com/2016/01/2795/? list index out of range 
获取完成，本次获取1条数据。
+++++++++++++++++++++++++++++++++++++++++++++++++++++++++++++++++++++++++++++++++++++++++++


 2018-08-07 01:27:02.535706
+++++++++++++++++++++++++++++++++++++++++++++++++++++++++++++++++++++++++++++++++++++++++++
正在更新，请稍侯......
共 573 页
更新完成，本次新增0条数据。
正在获取下载链接，请稍侯......
-----------------------获取失败 http://m.ashvsash.com/2016/01/2795/? list index out of range 
获取完成，本次获取1条数据。
+++++++++++++++++++++++++++++++++++++++++++++++++++++++++++++++++++++++++++++++++++++++++++


 2018-08-07 01:28:01.743014
+++++++++++++++++++++++++++++++++++++++++++++++++++++++++++++++++++++++++++++++++++++++++++
正在更新，请稍侯......
共 573 页
更新完成，本次新增0条数据。
正在获取下载链接，请稍侯......
-----------------------获取失败 http://m.ashvsash.com/2016/01/2795/? list index out of range 
获取完成，本次获取1条数据。
+++++++++++++++++++++++++++++++++++++++++++++++++++++++++++++++++++++++++++++++++++++++++++


 2018-08-07 01:29:01.953552
+++++++++++++++++++++++++++++++++++++++++++++++++++++++++++++++++++++++++++++++++++++++++++
正在更新，请稍侯......
共 573 页
更新完成，本次新增0条数据。
正在获取下载链接，请稍侯......
-----------------------获取失败 http://m.ashvsash.com/2016/01/2795/? list index out of range 
获取完成，本次获取1条数据。
+++++++++++++++++++++++++++++++++++++++++++++++++++++++++++++++++++++++++++++++++++++++++++


 2018-08-07 01:30:02.122678
+++++++++++++++++++++++++++++++++++++++++++++++++++++++++++++++++++++++++++++++++++++++++++
正在更新，请稍侯......
共 573 页
更新完成，本次新增0条数据。
正在获取下载链接，请稍侯......
-----------------------获取失败 http://m.ashvsash.com/2016/01/2795/? list index out of range 
获取完成，本次获取1条数据。
+++++++++++++++++++++++++++++++++++++++++++++++++++++++++++++++++++++++++++++++++++++++++++


 2018-08-07 01:31:02.558010
+++++++++++++++++++++++++++++++++++++++++++++++++++++++++++++++++++++++++++++++++++++++++++
正在更新，请稍侯......
共 573 页
更新完成，本次新增0条数据。
正在获取下载链接，请稍侯......
-----------------------获取失败 http://m.ashvsash.com/2016/01/2795/? list index out of range 
获取完成，本次获取1条数据。
+++++++++++++++++++++++++++++++++++++++++++++++++++++++++++++++++++++++++++++++++++++++++++


 2018-08-07 01:32:02.094910
+++++++++++++++++++++++++++++++++++++++++++++++++++++++++++++++++++++++++++++++++++++++++++
正在更新，请稍侯......
共 573 页
更新完成，本次新增0条数据。
正在获取下载链接，请稍侯......
-----------------------获取失败 http://m.ashvsash.com/2016/01/2795/? list index out of range 
获取完成，本次获取1条数据。
+++++++++++++++++++++++++++++++++++++++++++++++++++++++++++++++++++++++++++++++++++++++++++


 2018-08-07 01:33:01.604188
+++++++++++++++++++++++++++++++++++++++++++++++++++++++++++++++++++++++++++++++++++++++++++
正在更新，请稍侯......
共 573 页
更新完成，本次新增0条数据。
正在获取下载链接，请稍侯......
-----------------------获取失败 http://m.ashvsash.com/2016/01/2795/? list index out of range 
获取完成，本次获取1条数据。
+++++++++++++++++++++++++++++++++++++++++++++++++++++++++++++++++++++++++++++++++++++++++++


 2018-08-07 01:34:02.145351
+++++++++++++++++++++++++++++++++++++++++++++++++++++++++++++++++++++++++++++++++++++++++++
正在更新，请稍侯......
共 573 页
更新完成，本次新增0条数据。
正在获取下载链接，请稍侯......
-----------------------获取失败 http://m.ashvsash.com/2016/01/2795/? list index out of range 
获取完成，本次获取1条数据。
+++++++++++++++++++++++++++++++++++++++++++++++++++++++++++++++++++++++++++++++++++++++++++


 2018-08-07 01:35:02.269458
+++++++++++++++++++++++++++++++++++++++++++++++++++++++++++++++++++++++++++++++++++++++++++
正在更新，请稍侯......
共 573 页
更新完成，本次新增0条数据。
正在获取下载链接，请稍侯......
-----------------------获取失败 http://m.ashvsash.com/2016/01/2795/? list index out of range 
获取完成，本次获取1条数据。
+++++++++++++++++++++++++++++++++++++++++++++++++++++++++++++++++++++++++++++++++++++++++++


 2018-08-07 01:36:01.748668
+++++++++++++++++++++++++++++++++++++++++++++++++++++++++++++++++++++++++++++++++++++++++++
正在更新，请稍侯......
共 573 页
更新完成，本次新增0条数据。
正在获取下载链接，请稍侯......
-----------------------获取失败 http://m.ashvsash.com/2016/01/2795/? list index out of range 
获取完成，本次获取1条数据。
+++++++++++++++++++++++++++++++++++++++++++++++++++++++++++++++++++++++++++++++++++++++++++


 2018-08-07 01:37:02.414788
+++++++++++++++++++++++++++++++++++++++++++++++++++++++++++++++++++++++++++++++++++++++++++
正在更新，请稍侯......
共 573 页
更新完成，本次新增0条数据。
正在获取下载链接，请稍侯......
-----------------------获取失败 http://m.ashvsash.com/2016/01/2795/? list index out of range 
获取完成，本次获取1条数据。
+++++++++++++++++++++++++++++++++++++++++++++++++++++++++++++++++++++++++++++++++++++++++++


 2018-08-07 01:38:02.073945
+++++++++++++++++++++++++++++++++++++++++++++++++++++++++++++++++++++++++++++++++++++++++++
正在更新，请稍侯......
共 573 页
更新完成，本次新增0条数据。
正在获取下载链接，请稍侯......
-----------------------获取失败 http://m.ashvsash.com/2016/01/2795/? list index out of range 
获取完成，本次获取1条数据。
+++++++++++++++++++++++++++++++++++++++++++++++++++++++++++++++++++++++++++++++++++++++++++


 2018-08-07 01:39:02.449948
+++++++++++++++++++++++++++++++++++++++++++++++++++++++++++++++++++++++++++++++++++++++++++
正在更新，请稍侯......
共 573 页
更新完成，本次新增0条数据。
正在获取下载链接，请稍侯......
-----------------------获取失败 http://m.ashvsash.com/2016/01/2795/? list index out of range 
获取完成，本次获取1条数据。
+++++++++++++++++++++++++++++++++++++++++++++++++++++++++++++++++++++++++++++++++++++++++++


 2018-08-07 01:40:02.306894
+++++++++++++++++++++++++++++++++++++++++++++++++++++++++++++++++++++++++++++++++++++++++++
正在更新，请稍侯......
共 573 页
更新完成，本次新增0条数据。
正在获取下载链接，请稍侯......
-----------------------获取失败 http://m.ashvsash.com/2016/01/2795/? list index out of range 
获取完成，本次获取1条数据。
+++++++++++++++++++++++++++++++++++++++++++++++++++++++++++++++++++++++++++++++++++++++++++


 2018-08-07 01:41:01.915224
+++++++++++++++++++++++++++++++++++++++++++++++++++++++++++++++++++++++++++++++++++++++++++
正在更新，请稍侯......
共 573 页
更新完成，本次新增0条数据。
正在获取下载链接，请稍侯......
-----------------------获取失败 http://m.ashvsash.com/2016/01/2795/? list index out of range 
获取完成，本次获取1条数据。
+++++++++++++++++++++++++++++++++++++++++++++++++++++++++++++++++++++++++++++++++++++++++++


 2018-08-07 01:42:02.254694
+++++++++++++++++++++++++++++++++++++++++++++++++++++++++++++++++++++++++++++++++++++++++++
正在更新，请稍侯......
共 573 页
更新完成，本次新增0条数据。
正在获取下载链接，请稍侯......
-----------------------获取失败 http://m.ashvsash.com/2016/01/2795/? list index out of range 
获取完成，本次获取1条数据。
+++++++++++++++++++++++++++++++++++++++++++++++++++++++++++++++++++++++++++++++++++++++++++


 2018-08-07 01:43:01.808712
+++++++++++++++++++++++++++++++++++++++++++++++++++++++++++++++++++++++++++++++++++++++++++
正在更新，请稍侯......
共 573 页
更新完成，本次新增0条数据。
正在获取下载链接，请稍侯......
-----------------------获取失败 http://m.ashvsash.com/2016/01/2795/? list index out of range 
获取完成，本次获取1条数据。
+++++++++++++++++++++++++++++++++++++++++++++++++++++++++++++++++++++++++++++++++++++++++++


 2018-08-07 01:44:02.669651
+++++++++++++++++++++++++++++++++++++++++++++++++++++++++++++++++++++++++++++++++++++++++++
正在更新，请稍侯......
共 573 页
更新完成，本次新增0条数据。
正在获取下载链接，请稍侯......
-----------------------获取失败 http://m.ashvsash.com/2016/01/2795/? list index out of range 
获取完成，本次获取1条数据。
+++++++++++++++++++++++++++++++++++++++++++++++++++++++++++++++++++++++++++++++++++++++++++


 2018-08-07 01:45:02.176686
+++++++++++++++++++++++++++++++++++++++++++++++++++++++++++++++++++++++++++++++++++++++++++
正在更新，请稍侯......
共 573 页
更新完成，本次新增0条数据。
正在获取下载链接，请稍侯......
-----------------------获取失败 http://m.ashvsash.com/2016/01/2795/? list index out of range 
获取完成，本次获取1条数据。
+++++++++++++++++++++++++++++++++++++++++++++++++++++++++++++++++++++++++++++++++++++++++++


 2018-08-07 01:46:02.210137
+++++++++++++++++++++++++++++++++++++++++++++++++++++++++++++++++++++++++++++++++++++++++++
正在更新，请稍侯......
共 573 页
更新完成，本次新增0条数据。
正在获取下载链接，请稍侯......
-----------------------获取失败 http://m.ashvsash.com/2016/01/2795/? list index out of range 
获取完成，本次获取1条数据。
+++++++++++++++++++++++++++++++++++++++++++++++++++++++++++++++++++++++++++++++++++++++++++


 2018-08-07 01:47:02.521349
+++++++++++++++++++++++++++++++++++++++++++++++++++++++++++++++++++++++++++++++++++++++++++
正在更新，请稍侯......
共 573 页
更新完成，本次新增0条数据。
正在获取下载链接，请稍侯......
-----------------------获取失败 http://m.ashvsash.com/2016/01/2795/? list index out of range 
获取完成，本次获取1条数据。
+++++++++++++++++++++++++++++++++++++++++++++++++++++++++++++++++++++++++++++++++++++++++++


 2018-08-07 01:48:02.177465
+++++++++++++++++++++++++++++++++++++++++++++++++++++++++++++++++++++++++++++++++++++++++++
正在更新，请稍侯......
共 573 页
更新完成，本次新增0条数据。
正在获取下载链接，请稍侯......
-----------------------获取失败 http://m.ashvsash.com/2016/01/2795/? list index out of range 
获取完成，本次获取1条数据。
+++++++++++++++++++++++++++++++++++++++++++++++++++++++++++++++++++++++++++++++++++++++++++


 2018-08-07 01:49:02.299744
+++++++++++++++++++++++++++++++++++++++++++++++++++++++++++++++++++++++++++++++++++++++++++
正在更新，请稍侯......
共 573 页
更新完成，本次新增0条数据。
正在获取下载链接，请稍侯......
-----------------------获取失败 http://m.ashvsash.com/2016/01/2795/? list index out of range 
获取完成，本次获取1条数据。
+++++++++++++++++++++++++++++++++++++++++++++++++++++++++++++++++++++++++++++++++++++++++++


 2018-08-07 01:50:01.701610
+++++++++++++++++++++++++++++++++++++++++++++++++++++++++++++++++++++++++++++++++++++++++++
正在更新，请稍侯......
共 573 页
更新完成，本次新增0条数据。
正在获取下载链接，请稍侯......
-----------------------获取失败 http://m.ashvsash.com/2016/01/2795/? list index out of range 
获取完成，本次获取1条数据。
+++++++++++++++++++++++++++++++++++++++++++++++++++++++++++++++++++++++++++++++++++++++++++


 2018-08-07 01:51:01.947757
+++++++++++++++++++++++++++++++++++++++++++++++++++++++++++++++++++++++++++++++++++++++++++
正在更新，请稍侯......
共 573 页
更新完成，本次新增0条数据。
正在获取下载链接，请稍侯......
-----------------------获取失败 http://m.ashvsash.com/2016/01/2795/? list index out of range 
获取完成，本次获取1条数据。
+++++++++++++++++++++++++++++++++++++++++++++++++++++++++++++++++++++++++++++++++++++++++++


 2018-08-07 01:52:01.770842
+++++++++++++++++++++++++++++++++++++++++++++++++++++++++++++++++++++++++++++++++++++++++++
正在更新，请稍侯......
共 573 页
更新完成，本次新增0条数据。
正在获取下载链接，请稍侯......
-----------------------获取失败 http://m.ashvsash.com/2016/01/2795/? list index out of range 
获取完成，本次获取1条数据。
+++++++++++++++++++++++++++++++++++++++++++++++++++++++++++++++++++++++++++++++++++++++++++


 2018-08-07 01:53:01.986867
+++++++++++++++++++++++++++++++++++++++++++++++++++++++++++++++++++++++++++++++++++++++++++
正在更新，请稍侯......
共 573 页
更新完成，本次新增0条数据。
正在获取下载链接，请稍侯......
-----------------------获取失败 http://m.ashvsash.com/2016/01/2795/? list index out of range 
获取完成，本次获取1条数据。
+++++++++++++++++++++++++++++++++++++++++++++++++++++++++++++++++++++++++++++++++++++++++++


 2018-08-07 01:54:01.715094
+++++++++++++++++++++++++++++++++++++++++++++++++++++++++++++++++++++++++++++++++++++++++++
正在更新，请稍侯......
共 573 页
更新完成，本次新增0条数据。
正在获取下载链接，请稍侯......
-----------------------获取失败 http://m.ashvsash.com/2016/01/2795/? list index out of range 
获取完成，本次获取1条数据。
+++++++++++++++++++++++++++++++++++++++++++++++++++++++++++++++++++++++++++++++++++++++++++


 2018-08-07 01:55:01.811011
+++++++++++++++++++++++++++++++++++++++++++++++++++++++++++++++++++++++++++++++++++++++++++
正在更新，请稍侯......
共 573 页
更新完成，本次新增0条数据。
正在获取下载链接，请稍侯......
-----------------------获取失败 http://m.ashvsash.com/2016/01/2795/? list index out of range 
获取完成，本次获取1条数据。
+++++++++++++++++++++++++++++++++++++++++++++++++++++++++++++++++++++++++++++++++++++++++++


 2018-08-07 01:56:02.096343
+++++++++++++++++++++++++++++++++++++++++++++++++++++++++++++++++++++++++++++++++++++++++++
正在更新，请稍侯......
共 573 页
更新完成，本次新增0条数据。
正在获取下载链接，请稍侯......
-----------------------获取失败 http://m.ashvsash.com/2016/01/2795/? list index out of range 
获取完成，本次获取1条数据。
+++++++++++++++++++++++++++++++++++++++++++++++++++++++++++++++++++++++++++++++++++++++++++


 2018-08-07 01:57:01.831407
+++++++++++++++++++++++++++++++++++++++++++++++++++++++++++++++++++++++++++++++++++++++++++
正在更新，请稍侯......
共 573 页
更新完成，本次新增0条数据。
正在获取下载链接，请稍侯......
-----------------------获取失败 http://m.ashvsash.com/2016/01/2795/? list index out of range 
获取完成，本次获取1条数据。
+++++++++++++++++++++++++++++++++++++++++++++++++++++++++++++++++++++++++++++++++++++++++++


 2018-08-07 01:58:02.350714
+++++++++++++++++++++++++++++++++++++++++++++++++++++++++++++++++++++++++++++++++++++++++++
正在更新，请稍侯......
共 573 页
更新完成，本次新增0条数据。
正在获取下载链接，请稍侯......
-----------------------获取失败 http://m.ashvsash.com/2016/01/2795/? list index out of range 
获取完成，本次获取1条数据。
+++++++++++++++++++++++++++++++++++++++++++++++++++++++++++++++++++++++++++++++++++++++++++


 2018-08-07 01:59:01.723824
+++++++++++++++++++++++++++++++++++++++++++++++++++++++++++++++++++++++++++++++++++++++++++
正在更新，请稍侯......
共 573 页
更新完成，本次新增0条数据。
正在获取下载链接，请稍侯......
-----------------------获取失败 http://m.ashvsash.com/2016/01/2795/? list index out of range 
获取完成，本次获取1条数据。
+++++++++++++++++++++++++++++++++++++++++++++++++++++++++++++++++++++++++++++++++++++++++++


 2018-08-08 01:00:01.631986
+++++++++++++++++++++++++++++++++++++++++++++++++++++++++++++++++++++++++++++++++++++++++++
正在更新，请稍侯......
共 574 页
更新完成，本次新增3条数据。
正在获取下载链接，请稍侯......
获取成功 wdqk 2018 http://m.ashvsash.com/2018/08/16892/?
获取成功 爱在记忆消逝前 The Leisure Seeker 2018 http://m.ashvsash.com/2018/08/16895/?
获取成功 1006dfk http://m.ashvsash.com/2018/08/16891/?
-----------------------获取失败 http://m.ashvsash.com/2016/01/2795/? list index out of range 
获取完成，本次获取4条数据。
+++++++++++++++++++++++++++++++++++++++++++++++++++++++++++++++++++++++++++++++++++++++++++


 2018-08-09 01:00:01.788668
+++++++++++++++++++++++++++++++++++++++++++++++++++++++++++++++++++++++++++++++++++++++++++
正在更新，请稍侯......
共 574 页
更新完成，本次新增3条数据。
正在获取下载链接，请稍侯......
哆啦A梦：大雄的金银岛 ドラえもん のび太の宝島 (2018)  http://m.ashvsash.com/2018/08/16899/? https://pan.baidu.com/s/1uOGcVUskUTa-pmNCu7D3AQ 密码: iwd7
获取成功 哆啦A梦：大雄的金银岛 ドラえもん のび太の宝島 (2018) http://m.ashvsash.com/2018/08/16899/?
49号旅舍 Lodge 49  http://m.ashvsash.com/2018/08/16896/? https://pan.baidu.com/s/19RqrRTERDsGiqI5V8JdOEw 密码: u9dn
获取成功 49号旅舍 Lodge 49 http://m.ashvsash.com/2018/08/16896/?
-----------------------获取失败 http://m.ashvsash.com/2016/01/2795/? list index out of range 
临时保姆 Babysitting (2014)  http://m.ashvsash.com/2018/01/16898/? https://pan.baidu.com/s/1CzJE9iI8oX0ML1zV8eKJgA 密码: 2gq5
获取成功 临时保姆 Babysitting (2014) http://m.ashvsash.com/2018/01/16898/?
获取完成，本次获取4条数据。
+++++++++++++++++++++++++++++++++++++++++++++++++++++++++++++++++++++++++++++++++++++++++++


 2018-08-10 01:00:02.180309
+++++++++++++++++++++++++++++++++++++++++++++++++++++++++++++++++++++++++++++++++++++++++++
正在更新，请稍侯......
共 574 页
更新完成，本次新增2条数据。
正在获取下载链接，请稍侯......
获取成功 fyqmxcz http://m.ashvsash.com/2018/02/16901/?
魔女 마녀 (2018)  http://m.ashvsash.com/2018/08/16900/? https://pan.baidu.com/s/1sz1f6eenUs90RFdXqXVFpg 密码: 7zq4
获取成功 魔女 마녀 (2018) http://m.ashvsash.com/2018/08/16900/?
-----------------------获取失败 http://m.ashvsash.com/2016/01/2795/? list index out of range 
获取完成，本次获取3条数据。
+++++++++++++++++++++++++++++++++++++++++++++++++++++++++++++++++++++++++++++++++++++++++++


 2018-08-11 01:00:02.432526
+++++++++++++++++++++++++++++++++++++++++++++++++++++++++++++++++++++++++++++++++++++++++++
正在更新，请稍侯......
共 574 页
更新完成，本次新增1条数据。
正在获取下载链接，请稍侯......
角头2：王者再起 (2018)  http://m.ashvsash.com/2018/08/16903/? https://pan.baidu.com/s/1RJbxWAcxuT6k6yCb_OR2nA 密码: qxns
获取成功 角头2：王者再起 (2018) http://m.ashvsash.com/2018/08/16903/?
-----------------------获取失败 http://m.ashvsash.com/2016/01/2795/? list index out of range 
获取完成，本次获取2条数据。
+++++++++++++++++++++++++++++++++++++++++++++++++++++++++++++++++++++++++++++++++++++++++++


 2018-08-12 01:00:01.952154
+++++++++++++++++++++++++++++++++++++++++++++++++++++++++++++++++++++++++++++++++++++++++++
正在更新，请稍侯......
共 574 页
更新完成，本次新增4条数据。
正在获取下载链接，请稍侯......
mtyj  http://m.ashvsash.com/2018/06/16908/? https://pan.baidu.com/s/1CBMk-Krqv6ZZlXsBgYUFlA 密码: cy59
获取成功 mtyj http://m.ashvsash.com/2018/06/16908/?
获取成功 幸福马上来 2018 http://m.ashvsash.com/2018/08/16905/?
永不满足 Insatiable (2018)  http://m.ashvsash.com/2018/08/16907/? https://pan.baidu.com/s/1C-DpLYU8PQLzuwFPLGk6ZQ 密码: xc5y
获取成功 永不满足 Insatiable (2018) http://m.ashvsash.com/2018/08/16907/?
-----------------------获取失败 http://m.ashvsash.com/2016/01/2795/? list index out of range 
获取成功 济公之神龙再现 2018 http://m.ashvsash.com/2018/08/16906/?
获取完成，本次获取5条数据。
+++++++++++++++++++++++++++++++++++++++++++++++++++++++++++++++++++++++++++++++++++++++++++


start at: 2018-08-13 01:00:02.146058
+++++++++++++++++++++++++++++++++++++++++++++++++++++++++++++++++++++++++++++++++++++++++++
正在更新，请稍侯......
共 574 页
更新完成，本次新增0条数据。
正在获取下载链接，请稍侯......
-----------------------获取失败 http://m.ashvsash.com/2016/01/2795/? list index out of range 
获取完成，本次获取1条数据。

Start at: 2018-08-14 01:00:01.716531
+++++++++++++++++++++++++++++++++++++++++++++++++++++++++++++++++++++++++++++++++++++++++++
正在更新，请稍侯......
共 574 页
更新完成，本次新增0条数据。
正在获取下载链接，请稍侯......
-----------------------获取失败 http://m.ashvsash.com/2016/01/2795/? list index out of range 
获取完成，本次获取1条数据。

End at: 2018-08-14 01:01:29.291231
+++++++++++++++++++++++++++++++++++++++++++++++++++++++++++++++++++++++++++++++++++++++++++


Start at: 2018-08-15 01:00:01.890299
+++++++++++++++++++++++++++++++++++++++++++++++++++++++++++++++++++++++++++++++++++++++++++
正在更新，请稍侯......
共 575 页
更新完成，本次新增5条数据。
正在获取下载链接，请稍侯......
在切瑟尔海滩上 On Chesil Beach (2017)  http://m.ashvsash.com/2018/08/16915/? https://pan.baidu.com/s/1O0ZcLHH0_1Svttk1aGaofw 密码: n3xa
获取成功 tscg 2018 http://m.ashvsash.com/2018/08/16918/?
得心拳手 Journeyman (2017)  http://m.ashvsash.com/2018/08/16914/? https://pan.baidu.com/s/1ryAGF57RFy8BpVK-kPqp0Q 密码: y5pr
可爱恐惧 러블리 호러블리 (2018)  http://m.ashvsash.com/2018/08/16916/? https://pan.baidu.com/s/11-1ONkN4kebkpcaQBlX2oQ 密码: pu72
获取成功 在切瑟尔海滩上 On Chesil Beach (2017) http://m.ashvsash.com/2018/08/16915/?
获取成功 得心拳手 Journeyman (2017) http://m.ashvsash.com/2018/08/16914/?
获取成功 可爱恐惧 러블리 호러블리 (2018) http://m.ashvsash.com/2018/08/16916/?
-----------------------获取失败 http://m.ashvsash.com/2016/01/2795/? list index out of range 
获取成功 泡菜爱上小龙虾 2018 http://m.ashvsash.com/2018/08/16917/?
获取完成，本次获取6条数据。

End at: 2018-08-15 01:01:24.494700
+++++++++++++++++++++++++++++++++++++++++++++++++++++++++++++++++++++++++++++++++++++++++++


Start at: 2018-08-16 01:00:02.248203
+++++++++++++++++++++++++++++++++++++++++++++++++++++++++++++++++++++++++++++++++++++++++++
正在更新，请稍侯......
共 575 页
更新完成，本次新增2条数据。
正在获取下载链接，请稍侯......
获取成功 fry 2018 http://m.ashvsash.com/2018/08/16920/?
获取成功 ytz 2018 http://m.ashvsash.com/2018/08/16919/?
-----------------------获取失败 http://m.ashvsash.com/2016/01/2795/? list index out of range 
获取完成，本次获取3条数据。

End at: 2018-08-16 01:00:51.457915
+++++++++++++++++++++++++++++++++++++++++++++++++++++++++++++++++++++++++++++++++++++++++++


Start at: 2018-08-17 01:00:03.017828
+++++++++++++++++++++++++++++++++++++++++++++++++++++++++++++++++++++++++++++++++++++++++++
正在更新，请稍侯......
共 575 页
更新完成，本次新增5条数据。
正在获取下载链接，请稍侯......
吸血粘土 血を吸う粘土 (2017)  http://m.ashvsash.com/2018/08/16921/? https://pan.baidu.com/s/1031l8bOb42LTA-lN46-PjA 密码: 5n7c
获取成功 吸血粘土 血を吸う粘土 (2017) http://m.ashvsash.com/2018/08/16921/?
行动时刻 Action Point (2018)  http://m.ashvsash.com/2018/08/16924/? https://pan.baidu.com/s/1EVpK2Gn6zEcL1l_FIbQwbg 密码: yvty
获取成功 行动时刻 Action Point (2018) http://m.ashvsash.com/2018/08/16924/?
成人婴儿的进攻 Attack of the Adult Babies (2017)  http://m.ashvsash.com/2018/08/16922/? https://pan.baidu.com/s/1AG5u85wGqyzQ8hL5g2_SLQ 密码: rmkh
升级 Upgrade (2018)  http://m.ashvsash.com/2018/08/16925/? https://pan.baidu.com/s/1tvQhlu5QdLoc99_4gJ7e8w 密码: yezs
抓人游戏 Tag (2018)  http://m.ashvsash.com/2018/08/16923/? https://pan.baidu.com/s/123ckavEIKyIPAvKdnJ49jA 密码: wsv4
获取成功 成人婴儿的进攻 Attack of the Adult Babies (2017) http://m.ashvsash.com/2018/08/16922/?
获取成功 升级 Upgrade (2018) http://m.ashvsash.com/2018/08/16925/?
获取成功 抓人游戏 Tag (2018) http://m.ashvsash.com/2018/08/16923/?
-----------------------获取失败 http://m.ashvsash.com/2016/01/2795/? list index out of range 
获取完成，本次获取6条数据。

End at: 2018-08-17 01:01:24.326789
+++++++++++++++++++++++++++++++++++++++++++++++++++++++++++++++++++++++++++++++++++++++++++


Start at: 2018-08-18 01:00:03.812157
+++++++++++++++++++++++++++++++++++++++++++++++++++++++++++++++++++++++++++++++++++++++++++
正在更新，请稍侯......
共 575 页
更新完成，本次新增2条数据。
正在获取下载链接，请稍侯......
栋笃特工 2018  http://m.ashvsash.com/2018/08/16926/? https://pan.baidu.com/s/1xm1cyfAVbQhqvVG_3GzW5A 密码: 78et
获取成功 栋笃特工 2018 http://m.ashvsash.com/2018/08/16926/?
rbzc 2018  http://m.ashvsash.com/2018/02/16927/? https://pan.baidu.com/s/1D0H3lrv4VHhZ53pmJRiaBg 密码: q4um
获取成功 rbzc 2018 http://m.ashvsash.com/2018/02/16927/?
-----------------------获取失败 http://m.ashvsash.com/2016/01/2795/? list index out of range 
获取完成，本次获取3条数据。

End at: 2018-08-18 01:01:32.756951
+++++++++++++++++++++++++++++++++++++++++++++++++++++++++++++++++++++++++++++++++++++++++++


Start at: 2018-08-19 01:00:01.726218
+++++++++++++++++++++++++++++++++++++++++++++++++++++++++++++++++++++++++++++++++++++++++++
正在更新，请稍侯......
共 575 页
更新完成，本次新增1条数据。
正在获取下载链接，请稍侯......
洛杉矶大劫难 Kings (2017)  http://m.ashvsash.com/2018/08/16929/? https://pan.baidu.com/s/1hUmU0iKvhpbc4qQdCJ2ISg 密码: yeyi
获取成功 洛杉矶大劫难 Kings (2017) http://m.ashvsash.com/2018/08/16929/?
-----------------------获取失败 http://m.ashvsash.com/2016/01/2795/? list index out of range 
获取完成，本次获取2条数据。

End at: 2018-08-19 01:01:27.241169
+++++++++++++++++++++++++++++++++++++++++++++++++++++++++++++++++++++++++++++++++++++++++++


Start at: 2018-08-20 01:00:05.077772
+++++++++++++++++++++++++++++++++++++++++++++++++++++++++++++++++++++++++++++++++++++++++++
正在更新，请稍侯......
共 575 页
更新完成，本次新增0条数据。
正在获取下载链接，请稍侯......
-----------------------获取失败 http://m.ashvsash.com/2016/01/2795/? list index out of range 
获取完成，本次获取1条数据。

End at: 2018-08-20 01:01:28.780671
+++++++++++++++++++++++++++++++++++++++++++++++++++++++++++++++++++++++++++++++++++++++++++


Start at: 2018-08-21 01:00:02.079886
+++++++++++++++++++++++++++++++++++++++++++++++++++++++++++++++++++++++++++++++++++++++++++
正在更新，请稍侯......
共 576 页
更新完成，本次新增7条数据。
正在获取下载链接，请稍侯......
获取成功 龙门飞甲 2018 http://m.ashvsash.com/2018/08/16935/?
美国动物 American Animals (2018)  http://m.ashvsash.com/2018/08/16930/? https://pan.baidu.com/s/1eZ8rleOKFsupmH0RwKDfyA 密码: ns4b
获取成功 如懿传 2018 http://m.ashvsash.com/2018/08/16933/?
获取成功 美国动物 American Animals (2018) http://m.ashvsash.com/2018/08/16930/?
邪恶宿舍夜惊魂 Down a Dark Hall (2018)  http://m.ashvsash.com/2018/08/16932/? https://pan.baidu.com/s/1aClBxXqoM8oZ32ic-yp-ng 密码: qxmx
惊涛飓浪 Adrift (2018)  http://m.ashvsash.com/2018/08/16931/? https://pan.baidu.com/s/11izMcK07qCxxjNBCAPy7Yg 密码: m6di
获取成功 邪恶宿舍夜惊魂 Down a Dark Hall (2018) http://m.ashvsash.com/2018/08/16932/?
获取成功 那些年我们正年轻 2018 http://m.ashvsash.com/2018/08/16934/?
获取成功 惊涛飓浪 Adrift (2018) http://m.ashvsash.com/2018/08/16931/?
-----------------------获取失败 http://m.ashvsash.com/2016/01/2795/? list index out of range 
jcs 2018  http://m.ashvsash.com/2018/01/16936/? https://pan.baidu.com/s/13C1zSghj4buyYEOrTbf2Dw 密码: 2etj
获取成功 jcs 2018 http://m.ashvsash.com/2018/01/16936/?
获取完成，本次获取8条数据。

End at: 2018-08-21 01:01:24.271672
+++++++++++++++++++++++++++++++++++++++++++++++++++++++++++++++++++++++++++++++++++++++++++


Start at: 2018-08-22 01:00:01.707790
+++++++++++++++++++++++++++++++++++++++++++++++++++++++++++++++++++++++++++++++++++++++++++
正在更新，请稍侯......
共 576 页
更新完成，本次新增3条数据。
正在获取下载链接，请稍侯......
瞒天过海：美人计 Ocean's Eight (2018)  http://m.ashvsash.com/2018/08/16939/? https://pan.baidu.com/s/1YwS_nAGAG_KgnDWKRVW7KA 密码: 7jv7
获取成功 瞒天过海：美人计 Ocean's Eight (2018) http://m.ashvsash.com/2018/08/16939/?
人狼 인랑 (2018)  http://m.ashvsash.com/2018/08/16940/? https://pan.baidu.com/s/1rMGOPkspPdf-soUDGyS1yQ 密码: 2stg
获取成功 人狼 인랑 (2018) http://m.ashvsash.com/2018/08/16940/?
-----------------------获取失败 http://m.ashvsash.com/2016/01/2795/? list index out of range 
dzd6  http://m.ashvsash.com/2018/01/16938/? https://pan.baidu.com/s/1P-_J9a43KWEdTv0IJ_QFgQ 密码: bs3a
获取成功 dzd6 http://m.ashvsash.com/2018/01/16938/?
获取完成，本次获取4条数据。

End at: 2018-08-22 01:01:27.679166
+++++++++++++++++++++++++++++++++++++++++++++++++++++++++++++++++++++++++++++++++++++++++++


Start at: 2018-08-23 01:00:02.022123
+++++++++++++++++++++++++++++++++++++++++++++++++++++++++++++++++++++++++++++++++++++++++++
正在更新，请稍侯......
共 576 页
更新完成，本次新增3条数据。
正在获取下载链接，请稍侯......
时间陷阱 Time Trap (2017)  http://m.ashvsash.com/2018/08/16943/? https://pan.baidu.com/s/1ETV-TKXz71OaPT0-DPqiOQ 密码: pnv1
获取成功 时间陷阱 Time Trap (2017) http://m.ashvsash.com/2018/08/16943/?
遗传厄运 Hereditary (2018)  http://m.ashvsash.com/2018/08/16941/? https://pan.baidu.com/s/17e-mnGcXxBWwBkV0Y0aJsg 密码: wz2c
获取成功 遗传厄运 Hereditary (2018) http://m.ashvsash.com/2018/08/16941/?
睡美人之终  (2017)  http://m.ashvsash.com/2018/03/16942/? https://pan.baidu.com/s/1SikQeuQqOnLsHUG3y5ZYgA 密码: y8pv
-----------------------获取失败 http://m.ashvsash.com/2016/01/2795/? list index out of range 
获取成功 睡美人之终  (2017) http://m.ashvsash.com/2018/03/16942/?
获取完成，本次获取4条数据。

End at: 2018-08-23 01:01:22.010243
+++++++++++++++++++++++++++++++++++++++++++++++++++++++++++++++++++++++++++++++++++++++++++


Start at: 2018-08-24 01:00:02.595521
+++++++++++++++++++++++++++++++++++++++++++++++++++++++++++++++++++++++++++++++++++++++++++
正在更新，请稍侯......
共 576 页
更新完成，本次新增2条数据。
正在获取下载链接，请稍侯......
致所有我曾爱过的男孩 To All the Boys I've Loved Before (2018)  http://m.ashvsash.com/2018/08/16944/? https://pan.baidu.com/s/1tXFSKzcmFuHCo1s_CANYUQ 密码: 8hbv
获取成功 致所有我曾爱过的男孩 To All the Boys I've Loved Before (2018) http://m.ashvsash.com/2018/08/16944/?
-----------------------获取失败 http://m.ashvsash.com/2016/01/2795/? list index out of range 
遁入虚无 Enter the Void (2009)  http://m.ashvsash.com/2018/01/16945/? https://pan.baidu.com/s/1J4XAAe44-wEqQMHJfsc4qQ 密码: 7ny9
获取成功 遁入虚无 Enter the Void (2009) http://m.ashvsash.com/2018/01/16945/?
获取完成，本次获取3条数据。

End at: 2018-08-24 01:01:22.881180
+++++++++++++++++++++++++++++++++++++++++++++++++++++++++++++++++++++++++++++++++++++++++++


Start at: 2018-08-25 01:00:02.689334
+++++++++++++++++++++++++++++++++++++++++++++++++++++++++++++++++++++++++++++++++++++++++++
正在更新，请稍侯......
共 577 页
更新完成，本次新增5条数据。
正在获取下载链接，请稍侯......
替身情缘 Un Profil pour Deux (2017)  http://m.ashvsash.com/2018/08/16949/? https://pan.baidu.com/s/1_XTGoAJRrGcvMYK5LOr6lw 密码: hwpw
获取成功 替身情缘 Un Profil pour Deux (2017) http://m.ashvsash.com/2018/08/16949/?
yr2  http://m.ashvsash.com/2018/05/16948/? https://pan.baidu.com/s/17RAzRdsywm6SBHntTJE8jQ 密码: 5yi7
获取成功 yr2 http://m.ashvsash.com/2018/05/16948/?
获取成功 恶鬼 Ghoul 2018 http://m.ashvsash.com/2018/08/16951/?
-----------------------获取失败 http://m.ashvsash.com/2016/01/2795/? list index out of range 
jlls3  http://m.ashvsash.com/2018/03/16947/? https://pan.baidu.com/s/1AVZRy4jn4Q43O0FowH_X8Q 密码: nrtf
获取成功 ysxs 2018 http://m.ashvsash.com/2018/08/16953/?
获取成功 jlls3 http://m.ashvsash.com/2018/03/16947/?
获取完成，本次获取6条数据。

End at: 2018-08-25 01:01:25.408667
+++++++++++++++++++++++++++++++++++++++++++++++++++++++++++++++++++++++++++++++++++++++++++


Start at: 2018-08-26 01:00:02.225346
+++++++++++++++++++++++++++++++++++++++++++++++++++++++++++++++++++++++++++++++++++++++++++
正在更新，请稍侯......
共 577 页
更新完成，本次新增0条数据。
正在获取下载链接，请稍侯......
-----------------------获取失败 http://m.ashvsash.com/2016/01/2795/? list index out of range 
获取完成，本次获取1条数据。

End at: 2018-08-26 01:01:21.423125
+++++++++++++++++++++++++++++++++++++++++++++++++++++++++++++++++++++++++++++++++++++++++++


Start at: 2018-08-27 01:00:02.858056
+++++++++++++++++++++++++++++++++++++++++++++++++++++++++++++++++++++++++++++++++++++++++++
正在更新，请稍侯......
共 577 页
更新完成，本次新增0条数据。
正在获取下载链接，请稍侯......
-----------------------获取失败 http://m.ashvsash.com/2016/01/2795/? list index out of range 
获取完成，本次获取1条数据。

End at: 2018-08-27 01:01:20.292121
+++++++++++++++++++++++++++++++++++++++++++++++++++++++++++++++++++++++++++++++++++++++++++


Start at: 2018-08-28 01:00:02.506754
+++++++++++++++++++++++++++++++++++++++++++++++++++++++++++++++++++++++++++++++++++++++++++
正在更新，请稍侯......
共 577 页
更新完成，本次新增2条数据。
正在获取下载链接，请稍侯......
xbyz 2018  http://m.ashvsash.com/2018/08/16956/? https://pan.baidu.com/s/1J4lZyTP0f92gTLcy-AuHgw 密码: wttg
获取成功 dsx 2018 http://m.ashvsash.com/2018/08/16958/?
获取成功 xbyz 2018 http://m.ashvsash.com/2018/08/16956/?
-----------------------获取失败 http://m.ashvsash.com/2016/01/2795/? list index out of range 
获取完成，本次获取3条数据。

End at: 2018-08-28 01:01:21.586900
+++++++++++++++++++++++++++++++++++++++++++++++++++++++++++++++++++++++++++++++++++++++++++


Start at: 2018-08-29 01:00:03.920044
+++++++++++++++++++++++++++++++++++++++++++++++++++++++++++++++++++++++++++++++++++++++++++
正在更新，请稍侯......
共 577 页
更新完成，本次新增0条数据。
正在获取下载链接，请稍侯......
-----------------------获取失败 http://m.ashvsash.com/2016/01/2795/? list index out of range 
获取完成，本次获取1条数据。

End at: 2018-08-29 01:01:23.585120
+++++++++++++++++++++++++++++++++++++++++++++++++++++++++++++++++++++++++++++++++++++++++++


Start at: 2018-08-30 01:00:01.716799
+++++++++++++++++++++++++++++++++++++++++++++++++++++++++++++++++++++++++++++++++++++++++++
正在更新，请稍侯......
共 577 页
更新完成，本次新增4条数据。
正在获取下载链接，请稍侯......
kbwgdz  http://m.ashvsash.com/2018/03/16964/? https://pan.baidu.com/s/1xU--jj7ahn97v1sB51Y1NQ 密码: yc72
获取成功 kbwgdz http://m.ashvsash.com/2018/03/16964/?
贴身保镖 Bodyguard (2018)  http://m.ashvsash.com/2018/08/16960/? https://pan.baidu.com/s/1SILXpcd7ZkShsKOOP4zzfA 密码: a6qa
与海明威为邻 Papa (2015)  http://m.ashvsash.com/2018/08/16962/? https://pan.baidu.com/s/1MAwXubS9eau2aITxU-8nvw 密码: anhj
获取成功 贴身保镖 Bodyguard (2018) http://m.ashvsash.com/2018/08/16960/?
炼狱信使 A Prayer Before Dawn (2017)  http://m.ashvsash.com/2018/08/16961/? https://pan.baidu.com/s/1Hdp8vI7-2w_OHgfZBfQUgg 密码: 52w7
获取成功 与海明威为邻 Papa (2015) http://m.ashvsash.com/2018/08/16962/?
获取成功 炼狱信使 A Prayer Before Dawn (2017) http://m.ashvsash.com/2018/08/16961/?
-----------------------获取失败 http://m.ashvsash.com/2016/01/2795/? list index out of range 
获取完成，本次获取5条数据。

End at: 2018-08-30 01:01:21.174290
+++++++++++++++++++++++++++++++++++++++++++++++++++++++++++++++++++++++++++++++++++++++++++


Start at: 2018-08-31 01:00:06.458229
+++++++++++++++++++++++++++++++++++++++++++++++++++++++++++++++++++++++++++++++++++++++++++
正在更新，请稍侯......
共 577 页
更新完成，本次新增3条数据。
正在获取下载链接，请稍侯......
-----------------------获取失败 http://m.ashvsash.com/2016/01/2795/? list index out of range 
获取成功 吉屋藏娇 (1988) http://m.ashvsash.com/2018/01/16967/?
年轻女子 Jeune femme (2017)  http://m.ashvsash.com/2018/08/16965/? https://pan.baidu.com/s/1A6S_8Xb612IxT5yrOLxqvw 密码: 8pvd
获取成功 年轻女子 Jeune femme (2017) http://m.ashvsash.com/2018/08/16965/?
获取成功 再创世纪 2018 http://m.ashvsash.com/2018/08/16966/?
获取完成，本次获取4条数据。

End at: 2018-08-31 01:01:31.886472
+++++++++++++++++++++++++++++++++++++++++++++++++++++++++++++++++++++++++++++++++++++++++++


Start at: 2018-09-01 01:00:02.714591
+++++++++++++++++++++++++++++++++++++++++++++++++++++++++++++++++++++++++++++++++++++++++++
正在更新，请稍侯......
共 577 页
更新完成，本次新增0条数据。
正在获取下载链接，请稍侯......
-----------------------获取失败 http://m.ashvsash.com/2016/01/2795/? list index out of range 
获取完成，本次获取1条数据。

End at: 2018-09-01 01:01:20.616648
+++++++++++++++++++++++++++++++++++++++++++++++++++++++++++++++++++++++++++++++++++++++++++


Start at: 2018-09-02 01:00:02.196860
+++++++++++++++++++++++++++++++++++++++++++++++++++++++++++++++++++++++++++++++++++++++++++
正在更新，请稍侯......
共 577 页
更新完成，本次新增1条数据。
正在获取下载链接，请稍侯......
杰克·莱恩 Jack Ryan  http://m.ashvsash.com/2018/09/16972/? https://pan.baidu.com/s/1fKv-TlQ_lF5ZhrgvNNxJkg 密码: 2x5y
获取成功 杰克·莱恩 Jack Ryan http://m.ashvsash.com/2018/09/16972/?
-----------------------获取失败 http://m.ashvsash.com/2016/01/2795/? list index out of range 
获取完成，本次获取2条数据。

End at: 2018-09-02 01:01:26.480850
+++++++++++++++++++++++++++++++++++++++++++++++++++++++++++++++++++++++++++++++++++++++++++


Start at: 2018-09-03 01:00:02.527469
+++++++++++++++++++++++++++++++++++++++++++++++++++++++++++++++++++++++++++++++++++++++++++
正在更新，请稍侯......
共 577 页
更新完成，本次新增0条数据。
正在获取下载链接，请稍侯......
-----------------------获取失败 http://m.ashvsash.com/2016/01/2795/? list index out of range 
获取完成，本次获取1条数据。

End at: 2018-09-03 01:01:22.201889
+++++++++++++++++++++++++++++++++++++++++++++++++++++++++++++++++++++++++++++++++++++++++++


Start at: 2018-09-04 01:00:02.665843
+++++++++++++++++++++++++++++++++++++++++++++++++++++++++++++++++++++++++++++++++++++++++++
正在更新，请稍侯......
共 578 页
更新完成，本次新增3条数据。
正在获取下载链接，请稍侯......
get=0: ['http://m.ashvsash.com/2016/01/2795/?', 'http://m.ashvsash.com/2018/09/16974/?', 'http://m.ashvsash.com/2018/02/16976/?', 'http://m.ashvsash.com/2018/01/16975/?']
-----------------------获取失败 http://m.ashvsash.com/2016/01/2795/? list index out of range 
祈祷落幕时 祈りの幕が下りる時 (2018)  http://m.ashvsash.com/2018/09/16974/? https://pan.baidu.com/s/1XRWBi6ufmVvkfo6CzOt4NA 密码: qxmf
dpcq 2018  http://m.ashvsash.com/2018/01/16975/? https://pan.baidu.com/s/1Mkjajf52maMM8JxmeheXJA 密码: 22ig
获取成功 扫毒 2013 http://m.ashvsash.com/2018/02/16976/?
获取成功 dpcq 2018 http://m.ashvsash.com/2018/01/16975/?
获取成功 祈祷落幕时 祈りの幕が下りる時 (2018) http://m.ashvsash.com/2018/09/16974/?
获取完成，本次获取4条数据。

End at: 2018-09-04 01:01:26.518591
+++++++++++++++++++++++++++++++++++++++++++++++++++++++++++++++++++++++++++++++++++++++++++


Start at: 2018-09-05 00:40:47.730369
+++++++++++++++++++++++++++++++++++++++++++++++++++++++++++++++++++++++++++++++++++++++++++
正在更新，请稍侯......
共 578 页
更新完成，本次新增6条数据。
正在获取下载链接，请稍侯......
get=0: ['http://m.ashvsash.com/2018/09/16978/?', 'http://m.ashvsash.com/2018/09/16974/?', 'http://m.ashvsash.com/2018/09/16972/?', 'http://m.ashvsash.com/2018/02/16979/?', 'http://m.ashvsash.com/2018/02/16976/?', 'http://m.ashvsash.com/2018/01/16975/?']
获取成功 扫毒 2013 http://m.ashvsash.com/2018/02/16976/?
祈祷落幕时 祈りの幕が下りる時 (2018)  http://m.ashvsash.com/2018/09/16974/? https://pan.baidu.com/s/1XRWBi6ufmVvkfo6CzOt4NA 密码: qxmf
获取成功 祈祷落幕时 祈りの幕が下りる時 (2018) http://m.ashvsash.com/2018/09/16974/?
dpcq 2018  http://m.ashvsash.com/2018/01/16975/? https://pan.baidu.com/s/1Mkjajf52maMM8JxmeheXJA 密码: 22ig
获取成功 壮志凌云 Top Gun (1986) http://m.ashvsash.com/2018/02/16979/?
名利场 Vanity Fair (2018)  http://m.ashvsash.com/2018/09/16978/? https://pan.baidu.com/s/1YgtcpYXnQzFL9LI1uB1RBw 密码: myek
杰克·莱恩 Jack Ryan  http://m.ashvsash.com/2018/09/16972/? https://pan.baidu.com/s/1fKv-TlQ_lF5ZhrgvNNxJkg 密码: 2x5y
获取成功 名利场 Vanity Fair (2018) http://m.ashvsash.com/2018/09/16978/?
获取成功 杰克·莱恩 Jack Ryan http://m.ashvsash.com/2018/09/16972/?
获取成功 dpcq 2018 http://m.ashvsash.com/2018/01/16975/?
获取完成，本次获取6条数据。

End at: 2018-09-05 00:42:10.848745
+++++++++++++++++++++++++++++++++++++++++++++++++++++++++++++++++++++++++++++++++++++++++++

